Build started 4/23/2016 5:40:11 PM.
     1>Project "C:\Users\Kai\Documents\GitHub\projectorCalibration\OpenCVTemplate\OpenCVTemplate.vcxproj" on node 2 (Build target(s)).
     1>InitializeBuildStatus:
         Creating "x64\Debug\OpenCVTemplate.unsuccessfulbuild" because "AlwaysCreate" was specified.
       ClCompile:
         C:\Program Files (x86)\Microsoft Visual Studio 11.0\VC\bin\x86_amd64\CL.exe /c /IC:\opencv\build\include\opencv2 /IC:\opencv\build\include\opencv /IC:\opencv\build\include /Zi /nologo /W3 /WX- /sdl /Od /D WIN32 /D _DEBUG /D _CONSOLE /D _UNICODE /D UNICODE /Gm /EHsc /RTC1 /MDd /GS /fp:precise /Zc:wchar_t /Zc:forScope /Fo"x64\Debug\\" /Fd"x64\Debug\vc110.pdb" /Gd /TP /errorReport:prompt Main.cpp
         Main.cpp
     1>Main.cpp(137): warning C4244: 'argument' : conversion from 'time_t' to 'unsigned int', possible loss of data
     1>Main.cpp(157): warning C4267: '=' : conversion from 'size_t' to 'int', possible loss of data
     1>Main.cpp(161): warning C4018: '<' : signed/unsigned mismatch
     1>Main.cpp(186): warning C4018: '<' : signed/unsigned mismatch
     1>Main.cpp(193): warning C4244: '+=' : conversion from 'double' to 'float', possible loss of data
     1>Main.cpp(195): warning C4244: '+=' : conversion from 'double' to 'float', possible loss of data
     1>Main.cpp(206): warning C4244: 'initializing' : conversion from 'double' to 'float', possible loss of data
     1>Main.cpp(207): warning C4244: 'initializing' : conversion from 'double' to 'float', possible loss of data
     1>Main.cpp(214): warning C4018: '<' : signed/unsigned mismatch
     1>Main.cpp(288): warning C4244: '=' : conversion from 'double' to 'float', possible loss of data
     1>Main.cpp(314): warning C4244: '=' : conversion from 'double' to 'float', possible loss of data
       Link:
         C:\Program Files (x86)\Microsoft Visual Studio 11.0\VC\bin\x86_amd64\link.exe /ERRORREPORT:PROMPT /OUT:"C:\Users\Kai\Documents\GitHub\projectorCalibration\OpenCVTemplate\x64\Debug\OpenCVTemplate.exe" /INCREMENTAL /NOLOGO /LIBPATH:C:\opencv\build\x64\vc11\lib opencv_stitching249d.lib opencv_contrib249d.lib opencv_videostab249d.lib opencv_superres249d.lib opencv_nonfree249d.lib opencv_gpu249d.lib opencv_ocl249d.lib opencv_legacy249d.lib opencv_ts249d.lib opencv_calib3d249d.lib opencv_features2d249d.lib opencv_objdetect249d.lib opencv_highgui249d.lib opencv_video249d.lib opencv_photo249d.lib opencv_imgproc249d.lib opencv_flann249d.lib opencv_ml249d.lib opencv_core249d.lib kernel32.lib user32.lib gdi32.lib winspool.lib comdlg32.lib advapi32.lib shell32.lib ole32.lib oleaut32.lib uuid.lib odbc32.lib odbccp32.lib /MANIFEST /MANIFESTUAC:"level='asInvoker' uiAccess='false'" /manifest:embed /DEBUG /PDB:"C:\Users\Kai\Documents\GitHub\projectorCalibration\OpenCVTemplate\x64\Debug\OpenCVTemplate.pdb" /SUBSYSTEM:CONSOLE /TLBID:1 /DYNAMICBASE /NXCOMPAT /IMPLIB:"C:\Users\Kai\Documents\GitHub\projectorCalibration\OpenCVTemplate\x64\Debug\OpenCVTemplate.lib" /MACHINE:X64 x64\Debug\Main.obj
         OpenCVTemplate.vcxproj -> C:\Users\Kai\Documents\GitHub\projectorCalibration\OpenCVTemplate\x64\Debug\OpenCVTemplate.exe
       FinalizeBuildStatus:
         Deleting file "x64\Debug\OpenCVTemplate.unsuccessfulbuild".
         Touching "x64\Debug\OpenCVTemplate.lastbuildstate".
     1>Done Building Project "C:\Users\Kai\Documents\GitHub\projectorCalibration\OpenCVTemplate\OpenCVTemplate.vcxproj" (Build target(s)).

Build succeeded.

Time Elapsed 00:00:13.63
